23-Jun-2025 15:34:06.405 INFO [main] org.apache.catalina.startup.VersionLoggerListener.log Server version name:   Apache Tomcat/9.0.106
23-Jun-2025 15:34:06.413 INFO [main] org.apache.catalina.startup.VersionLoggerListener.log Server built:          Jun 5 2025 19:02:30 UTC
23-Jun-2025 15:34:06.416 INFO [main] org.apache.catalina.startup.VersionLoggerListener.log Server version number: 9.0.106.0
23-Jun-2025 15:34:06.416 INFO [main] org.apache.catalina.startup.VersionLoggerListener.log OS Name:               Linux
23-Jun-2025 15:34:06.417 INFO [main] org.apache.catalina.startup.VersionLoggerListener.log OS Version:            6.8.0-1029-aws
23-Jun-2025 15:34:06.417 INFO [main] org.apache.catalina.startup.VersionLoggerListener.log Architecture:          amd64
23-Jun-2025 15:34:06.417 INFO [main] org.apache.catalina.startup.VersionLoggerListener.log Java Home:             /usr/lib/jvm/java-17-openjdk-amd64
23-Jun-2025 15:34:06.417 INFO [main] org.apache.catalina.startup.VersionLoggerListener.log JVM Version:           17.0.15+6-Ubuntu-0ubuntu124.04
23-Jun-2025 15:34:06.417 INFO [main] org.apache.catalina.startup.VersionLoggerListener.log JVM Vendor:            Ubuntu
23-Jun-2025 15:34:06.417 INFO [main] org.apache.catalina.startup.VersionLoggerListener.log CATALINA_BASE:         /home/ubuntu/tools/apache-tomcat-9.0.106
23-Jun-2025 15:34:06.417 INFO [main] org.apache.catalina.startup.VersionLoggerListener.log CATALINA_HOME:         /home/ubuntu/tools/apache-tomcat-9.0.106
23-Jun-2025 15:34:06.438 INFO [main] org.apache.catalina.startup.VersionLoggerListener.log Command line argument: --add-opens=java.base/java.lang=ALL-UNNAMED
23-Jun-2025 15:34:06.439 INFO [main] org.apache.catalina.startup.VersionLoggerListener.log Command line argument: --add-opens=java.base/java.lang.invoke=ALL-UNNAMED
23-Jun-2025 15:34:06.439 INFO [main] org.apache.catalina.startup.VersionLoggerListener.log Command line argument: --add-opens=java.base/java.lang.reflect=ALL-UNNAMED
23-Jun-2025 15:34:06.439 INFO [main] org.apache.catalina.startup.VersionLoggerListener.log Command line argument: --add-opens=java.base/java.io=ALL-UNNAMED
23-Jun-2025 15:34:06.439 INFO [main] org.apache.catalina.startup.VersionLoggerListener.log Command line argument: --add-opens=java.base/java.util=ALL-UNNAMED
23-Jun-2025 15:34:06.439 INFO [main] org.apache.catalina.startup.VersionLoggerListener.log Command line argument: --add-opens=java.base/java.util.concurrent=ALL-UNNAMED
23-Jun-2025 15:34:06.440 INFO [main] org.apache.catalina.startup.VersionLoggerListener.log Command line argument: --add-opens=java.rmi/sun.rmi.transport=ALL-UNNAMED
23-Jun-2025 15:34:06.440 INFO [main] org.apache.catalina.startup.VersionLoggerListener.log Command line argument: -Djava.util.logging.config.file=/home/ubuntu/tools/apache-tomcat-9.0.106/conf/logging.properties
23-Jun-2025 15:34:06.440 INFO [main] org.apache.catalina.startup.VersionLoggerListener.log Command line argument: -Djava.util.logging.manager=org.apache.juli.ClassLoaderLogManager
23-Jun-2025 15:34:06.440 INFO [main] org.apache.catalina.startup.VersionLoggerListener.log Command line argument: -Djdk.tls.ephemeralDHKeySize=2048
23-Jun-2025 15:34:06.440 INFO [main] org.apache.catalina.startup.VersionLoggerListener.log Command line argument: -Djava.protocol.handler.pkgs=org.apache.catalina.webresources
23-Jun-2025 15:34:06.440 INFO [main] org.apache.catalina.startup.VersionLoggerListener.log Command line argument: -Dsun.io.useCanonCaches=false
23-Jun-2025 15:34:06.440 INFO [main] org.apache.catalina.startup.VersionLoggerListener.log Command line argument: -Dorg.apache.catalina.security.SecurityListener.UMASK=0027
23-Jun-2025 15:34:06.440 INFO [main] org.apache.catalina.startup.VersionLoggerListener.log Command line argument: -Dignore.endorsed.dirs=
23-Jun-2025 15:34:06.440 INFO [main] org.apache.catalina.startup.VersionLoggerListener.log Command line argument: -Dcatalina.base=/home/ubuntu/tools/apache-tomcat-9.0.106
23-Jun-2025 15:34:06.441 INFO [main] org.apache.catalina.startup.VersionLoggerListener.log Command line argument: -Dcatalina.home=/home/ubuntu/tools/apache-tomcat-9.0.106
23-Jun-2025 15:34:06.442 INFO [main] org.apache.catalina.startup.VersionLoggerListener.log Command line argument: -Djava.io.tmpdir=/home/ubuntu/tools/apache-tomcat-9.0.106/temp
23-Jun-2025 15:34:06.445 INFO [main] org.apache.catalina.core.AprLifecycleListener.lifecycleEvent The Apache Tomcat Native library which allows using OpenSSL was not found on the java.library.path: [/usr/java/packages/lib:/usr/lib/x86_64-linux-gnu/jni:/lib/x86_64-linux-gnu:/usr/lib/x86_64-linux-gnu:/usr/lib/jni:/lib:/usr/lib]
23-Jun-2025 15:34:06.911 INFO [main] org.apache.coyote.AbstractProtocol.init Initializing ProtocolHandler ["http-nio-9090"]
23-Jun-2025 15:34:06.962 INFO [main] org.apache.catalina.startup.Catalina.load Server initialization in [895] milliseconds
23-Jun-2025 15:34:07.045 INFO [main] org.apache.catalina.core.StandardService.startInternal Starting service [Catalina]
23-Jun-2025 15:34:07.047 INFO [main] org.apache.catalina.core.StandardEngine.startInternal Starting Servlet engine: [Apache Tomcat/9.0.106]
23-Jun-2025 15:34:07.075 INFO [main] org.apache.catalina.startup.HostConfig.deployWAR Deploying web application archive [/home/ubuntu/tools/apache-tomcat-9.0.106/webapps/addressbook.war]
23-Jun-2025 15:34:09.566 INFO [main] org.apache.catalina.startup.HostConfig.deployWAR Deployment of web application archive [/home/ubuntu/tools/apache-tomcat-9.0.106/webapps/addressbook.war] has finished in [2,491] ms
23-Jun-2025 15:34:09.568 INFO [main] org.apache.catalina.startup.HostConfig.deployDirectory Deploying web application directory [/home/ubuntu/tools/apache-tomcat-9.0.106/webapps/host-manager]
23-Jun-2025 15:34:09.632 INFO [main] org.apache.catalina.startup.HostConfig.deployDirectory Deployment of web application directory [/home/ubuntu/tools/apache-tomcat-9.0.106/webapps/host-manager] has finished in [63] ms
23-Jun-2025 15:34:09.632 INFO [main] org.apache.catalina.startup.HostConfig.deployDirectory Deploying web application directory [/home/ubuntu/tools/apache-tomcat-9.0.106/webapps/ROOT]
23-Jun-2025 15:34:09.668 INFO [main] org.apache.catalina.startup.HostConfig.deployDirectory Deployment of web application directory [/home/ubuntu/tools/apache-tomcat-9.0.106/webapps/ROOT] has finished in [36] ms
23-Jun-2025 15:34:09.668 INFO [main] org.apache.catalina.startup.HostConfig.deployDirectory Deploying web application directory [/home/ubuntu/tools/apache-tomcat-9.0.106/webapps/examples]
23-Jun-2025 15:34:10.110 INFO [main] org.apache.catalina.startup.HostConfig.deployDirectory Deployment of web application directory [/home/ubuntu/tools/apache-tomcat-9.0.106/webapps/examples] has finished in [442] ms
23-Jun-2025 15:34:10.111 INFO [main] org.apache.catalina.startup.HostConfig.deployDirectory Deploying web application directory [/home/ubuntu/tools/apache-tomcat-9.0.106/webapps/docs]
23-Jun-2025 15:34:10.149 INFO [main] org.apache.catalina.startup.HostConfig.deployDirectory Deployment of web application directory [/home/ubuntu/tools/apache-tomcat-9.0.106/webapps/docs] has finished in [37] ms
23-Jun-2025 15:34:10.149 INFO [main] org.apache.catalina.startup.HostConfig.deployDirectory Deploying web application directory [/home/ubuntu/tools/apache-tomcat-9.0.106/webapps/manager]
23-Jun-2025 15:34:10.199 INFO [main] org.apache.catalina.startup.HostConfig.deployDirectory Deployment of web application directory [/home/ubuntu/tools/apache-tomcat-9.0.106/webapps/manager] has finished in [49] ms
23-Jun-2025 15:34:10.208 INFO [main] org.apache.coyote.AbstractProtocol.start Starting ProtocolHandler ["http-nio-9090"]
23-Jun-2025 15:34:10.230 INFO [main] org.apache.catalina.startup.Catalina.start Server startup in [3266] milliseconds
23-Jun-2025 15:46:00.314 INFO [Catalina-utility-2] org.apache.catalina.startup.HostConfig.undeploy Undeploying context [/addressbook]
23-Jun-2025 15:46:00.338 INFO [Catalina-utility-2] org.apache.catalina.startup.HostConfig.deployWAR Deploying web application archive [/home/ubuntu/tools/apache-tomcat-9.0.106/webapps/addressbook.war]
23-Jun-2025 15:46:01.658 INFO [Catalina-utility-2] org.apache.catalina.startup.HostConfig.deployWAR Deployment of web application archive [/home/ubuntu/tools/apache-tomcat-9.0.106/webapps/addressbook.war] has finished in [1,319] ms
