04-Jul-2025 08:17:35.770 INFO [main] org.apache.catalina.startup.VersionLoggerListener.log Server version name:   Apache Tomcat/9.0.106
04-Jul-2025 08:17:35.778 INFO [main] org.apache.catalina.startup.VersionLoggerListener.log Server built:          Jun 5 2025 19:02:30 UTC
04-Jul-2025 08:17:35.778 INFO [main] org.apache.catalina.startup.VersionLoggerListener.log Server version number: 9.0.106.0
04-Jul-2025 08:17:35.778 INFO [main] org.apache.catalina.startup.VersionLoggerListener.log OS Name:               Linux
04-Jul-2025 08:17:35.779 INFO [main] org.apache.catalina.startup.VersionLoggerListener.log OS Version:            6.8.0-1029-aws
04-Jul-2025 08:17:35.779 INFO [main] org.apache.catalina.startup.VersionLoggerListener.log Architecture:          amd64
04-Jul-2025 08:17:35.779 INFO [main] org.apache.catalina.startup.VersionLoggerListener.log Java Home:             /usr/lib/jvm/java-17-openjdk-amd64
04-Jul-2025 08:17:35.779 INFO [main] org.apache.catalina.startup.VersionLoggerListener.log JVM Version:           17.0.15+6-Ubuntu-0ubuntu124.04
04-Jul-2025 08:17:35.779 INFO [main] org.apache.catalina.startup.VersionLoggerListener.log JVM Vendor:            Ubuntu
04-Jul-2025 08:17:35.779 INFO [main] org.apache.catalina.startup.VersionLoggerListener.log CATALINA_BASE:         /home/ubuntu/mywork/tools/apache-tomcat-9.0.106
04-Jul-2025 08:17:35.779 INFO [main] org.apache.catalina.startup.VersionLoggerListener.log CATALINA_HOME:         /home/ubuntu/mywork/tools/apache-tomcat-9.0.106
04-Jul-2025 08:17:35.800 INFO [main] org.apache.catalina.startup.VersionLoggerListener.log Command line argument: --add-opens=java.base/java.lang=ALL-UNNAMED
04-Jul-2025 08:17:35.800 INFO [main] org.apache.catalina.startup.VersionLoggerListener.log Command line argument: --add-opens=java.base/java.lang.invoke=ALL-UNNAMED
04-Jul-2025 08:17:35.801 INFO [main] org.apache.catalina.startup.VersionLoggerListener.log Command line argument: --add-opens=java.base/java.lang.reflect=ALL-UNNAMED
04-Jul-2025 08:17:35.801 INFO [main] org.apache.catalina.startup.VersionLoggerListener.log Command line argument: --add-opens=java.base/java.io=ALL-UNNAMED
04-Jul-2025 08:17:35.801 INFO [main] org.apache.catalina.startup.VersionLoggerListener.log Command line argument: --add-opens=java.base/java.util=ALL-UNNAMED
04-Jul-2025 08:17:35.801 INFO [main] org.apache.catalina.startup.VersionLoggerListener.log Command line argument: --add-opens=java.base/java.util.concurrent=ALL-UNNAMED
04-Jul-2025 08:17:35.801 INFO [main] org.apache.catalina.startup.VersionLoggerListener.log Command line argument: --add-opens=java.rmi/sun.rmi.transport=ALL-UNNAMED
04-Jul-2025 08:17:35.801 INFO [main] org.apache.catalina.startup.VersionLoggerListener.log Command line argument: -Djava.util.logging.config.file=/home/ubuntu/mywork/tools/apache-tomcat-9.0.106/conf/logging.properties
04-Jul-2025 08:17:35.802 INFO [main] org.apache.catalina.startup.VersionLoggerListener.log Command line argument: -Djava.util.logging.manager=org.apache.juli.ClassLoaderLogManager
04-Jul-2025 08:17:35.802 INFO [main] org.apache.catalina.startup.VersionLoggerListener.log Command line argument: -Djdk.tls.ephemeralDHKeySize=2048
04-Jul-2025 08:17:35.802 INFO [main] org.apache.catalina.startup.VersionLoggerListener.log Command line argument: -Djava.protocol.handler.pkgs=org.apache.catalina.webresources
04-Jul-2025 08:17:35.802 INFO [main] org.apache.catalina.startup.VersionLoggerListener.log Command line argument: -Dsun.io.useCanonCaches=false
04-Jul-2025 08:17:35.802 INFO [main] org.apache.catalina.startup.VersionLoggerListener.log Command line argument: -Dorg.apache.catalina.security.SecurityListener.UMASK=0027
04-Jul-2025 08:17:35.802 INFO [main] org.apache.catalina.startup.VersionLoggerListener.log Command line argument: -Dignore.endorsed.dirs=
04-Jul-2025 08:17:35.802 INFO [main] org.apache.catalina.startup.VersionLoggerListener.log Command line argument: -Dcatalina.base=/home/ubuntu/mywork/tools/apache-tomcat-9.0.106
04-Jul-2025 08:17:35.803 INFO [main] org.apache.catalina.startup.VersionLoggerListener.log Command line argument: -Dcatalina.home=/home/ubuntu/mywork/tools/apache-tomcat-9.0.106
04-Jul-2025 08:17:35.803 INFO [main] org.apache.catalina.startup.VersionLoggerListener.log Command line argument: -Djava.io.tmpdir=/home/ubuntu/mywork/tools/apache-tomcat-9.0.106/temp
04-Jul-2025 08:17:35.808 INFO [main] org.apache.catalina.core.AprLifecycleListener.lifecycleEvent The Apache Tomcat Native library which allows using OpenSSL was not found on the java.library.path: [/usr/java/packages/lib:/usr/lib/x86_64-linux-gnu/jni:/lib/x86_64-linux-gnu:/usr/lib/x86_64-linux-gnu:/usr/lib/jni:/lib:/usr/lib]
04-Jul-2025 08:17:36.216 INFO [main] org.apache.coyote.AbstractProtocol.init Initializing ProtocolHandler ["http-nio-9090"]
04-Jul-2025 08:17:36.247 INFO [main] org.apache.catalina.startup.Catalina.load Server initialization in [733] milliseconds
04-Jul-2025 08:17:36.292 INFO [main] org.apache.catalina.core.StandardService.startInternal Starting service [Catalina]
04-Jul-2025 08:17:36.293 INFO [main] org.apache.catalina.core.StandardEngine.startInternal Starting Servlet engine: [Apache Tomcat/9.0.106]
04-Jul-2025 08:17:36.309 INFO [main] org.apache.catalina.startup.HostConfig.deployWAR Deploying web application archive [/home/ubuntu/mywork/tools/apache-tomcat-9.0.106/webapps/addressbook.war]
04-Jul-2025 08:17:36.329 INFO [main] org.apache.catalina.startup.ExpandWar.expand An expanded directory [/home/ubuntu/mywork/tools/apache-tomcat-9.0.106/webapps/addressbook] was found with a last modified time that did not match the associated WAR. It will be deleted.
04-Jul-2025 08:17:38.170 INFO [main] org.apache.catalina.startup.HostConfig.deployWAR Deployment of web application archive [/home/ubuntu/mywork/tools/apache-tomcat-9.0.106/webapps/addressbook.war] has finished in [1,861] ms
04-Jul-2025 08:17:38.171 INFO [main] org.apache.catalina.startup.HostConfig.deployDirectory Deploying web application directory [/home/ubuntu/mywork/tools/apache-tomcat-9.0.106/webapps/host-manager]
04-Jul-2025 08:17:38.215 INFO [main] org.apache.catalina.startup.HostConfig.deployDirectory Deployment of web application directory [/home/ubuntu/mywork/tools/apache-tomcat-9.0.106/webapps/host-manager] has finished in [44] ms
04-Jul-2025 08:17:38.215 INFO [main] org.apache.catalina.startup.HostConfig.deployDirectory Deploying web application directory [/home/ubuntu/mywork/tools/apache-tomcat-9.0.106/webapps/ROOT]
04-Jul-2025 08:17:38.237 INFO [main] org.apache.catalina.startup.HostConfig.deployDirectory Deployment of web application directory [/home/ubuntu/mywork/tools/apache-tomcat-9.0.106/webapps/ROOT] has finished in [21] ms
04-Jul-2025 08:17:38.237 INFO [main] org.apache.catalina.startup.HostConfig.deployDirectory Deploying web application directory [/home/ubuntu/mywork/tools/apache-tomcat-9.0.106/webapps/examples]
04-Jul-2025 08:17:38.460 INFO [main] org.apache.catalina.startup.HostConfig.deployDirectory Deployment of web application directory [/home/ubuntu/mywork/tools/apache-tomcat-9.0.106/webapps/examples] has finished in [223] ms
04-Jul-2025 08:17:38.460 INFO [main] org.apache.catalina.startup.HostConfig.deployDirectory Deploying web application directory [/home/ubuntu/mywork/tools/apache-tomcat-9.0.106/webapps/docs]
04-Jul-2025 08:17:38.483 INFO [main] org.apache.catalina.startup.HostConfig.deployDirectory Deployment of web application directory [/home/ubuntu/mywork/tools/apache-tomcat-9.0.106/webapps/docs] has finished in [23] ms
04-Jul-2025 08:17:38.484 INFO [main] org.apache.catalina.startup.HostConfig.deployDirectory Deploying web application directory [/home/ubuntu/mywork/tools/apache-tomcat-9.0.106/webapps/manager]
04-Jul-2025 08:17:38.519 INFO [main] org.apache.catalina.startup.HostConfig.deployDirectory Deployment of web application directory [/home/ubuntu/mywork/tools/apache-tomcat-9.0.106/webapps/manager] has finished in [36] ms
04-Jul-2025 08:17:38.523 INFO [main] org.apache.coyote.AbstractProtocol.start Starting ProtocolHandler ["http-nio-9090"]
04-Jul-2025 08:17:38.542 INFO [main] org.apache.catalina.startup.Catalina.start Server startup in [2294] milliseconds
04-Jul-2025 08:32:34.271 INFO [Thread-1] org.apache.coyote.AbstractProtocol.pause Pausing ProtocolHandler ["http-nio-9090"]
04-Jul-2025 08:32:34.278 INFO [Thread-1] org.apache.catalina.core.StandardService.stopInternal Stopping service [Catalina]
04-Jul-2025 08:32:34.313 INFO [Thread-1] org.apache.coyote.AbstractProtocol.stop Stopping ProtocolHandler ["http-nio-9090"]
04-Jul-2025 08:32:34.329 INFO [Thread-1] org.apache.coyote.AbstractProtocol.destroy Destroying ProtocolHandler ["http-nio-9090"]
